<?xml version="1.0" encoding="UTF-8"?>
<testng-results ignored="0" total="1" passed="1" failed="0" skipped="0">
  <reporter-output>
  </reporter-output>
  <suite started-at="2022-08-04T17:19:10 CDT" name="Default suite" finished-at="2022-08-04T17:20:09 CDT" duration-ms="59124">
    <groups>
    </groups>
    <test started-at="2022-08-04T17:19:10 CDT" name="Default test" finished-at="2022-08-04T17:20:09 CDT" duration-ms="59124">
      <class name="com.courseSelenium.SearchValidation">
        <test-method is-config="true" signature="beforeClass()[pri:0, instance:com.courseSelenium.SearchValidation@20ce78ec]" started-at="2022-08-04T17:19:10 CDT" name="beforeClass" finished-at="2022-08-04T17:19:14 CDT" duration-ms="4093" status="PASS">
          <reporter-output>
          </reporter-output>
        </test-method> <!-- beforeClass -->
        <test-method signature="search()[pri:0, instance:com.courseSelenium.SearchValidation@20ce78ec]" started-at="2022-08-04T17:19:14 CDT" name="search" finished-at="2022-08-04T17:20:09 CDT" duration-ms="54969" status="PASS">
          <reporter-output>
          </reporter-output>
        </test-method> <!-- search -->
        <test-method is-config="true" signature="afterClass()[pri:0, instance:com.courseSelenium.SearchValidation@20ce78ec]" started-at="2022-08-04T17:20:09 CDT" name="afterClass" finished-at="2022-08-04T17:20:09 CDT" duration-ms="0" status="PASS">
          <reporter-output>
          </reporter-output>
        </test-method> <!-- afterClass -->
      </class> <!-- com.courseSelenium.SearchValidation -->
    </test> <!-- Default test -->
  </suite> <!-- Default suite -->
</testng-results>
